# JRE version: Java(TM) SE Runtime Environment (8.0_31-b13) (build 1.8.0_31-b13)
# Java VM: Java HotSpot(TM) Client VM (25.31-b07 mixed mode, sharing windows-x86 )
Heap:
 def new generation   total 4928K, used 4273K [0x05000000, 0x05550000, 0x0a550000)
  eden space 4416K,  85% used [0x05000000, 0x053ac788, 0x05450000)
  from space 512K,  99% used [0x05450000, 0x054cfec0, 0x054d0000)
  to   space 512K,   0% used [0x054d0000, 0x054d0000, 0x05550000)
 tenured generation   total 10944K, used 1363K [0x0a550000, 0x0b000000, 0x15000000)
   the space 10944K,  12% used [0x0a550000, 0x0a6a4d18, 0x0a6a4e00, 0x0b000000)
 Metaspace       used 1906K, capacity 3495K, committed 3520K, reserved 4480K
GC Heap History (4 events):
Event: 0.477 GC heap before
{Heap before GC invocations=0 (full 0):
 def new generation   total 4928K, used 4416K [0x05000000, 0x05550000, 0x0a550000)
  eden space 4416K, 100% used [0x05000000, 0x05450000, 0x05450000)
  from space 512K,   0% used [0x05450000, 0x05450000, 0x054d0000)
  to   space 512K,   0% used [0x054d0000, 0x054d0000, 0x05550000)
 tenured generation   total 10944K, used 0K [0x0a550000, 0x0b000000, 0x15000000)
   the space 10944K,   0% used [0x0a550000, 0x0a550000, 0x0a550200, 0x0b000000)
 Metaspace       used 825K, capacity 2533K, committed 2624K, reserved 4480K
Event: 0.481 GC heap after
Heap after GC invocations=1 (full 0):
 def new generation   total 4928K, used 512K [0x05000000, 0x05550000, 0x0a550000)
  eden space 4416K,   0% used [0x05000000, 0x05000000, 0x05450000)
  from space 512K, 100% used [0x054d0000, 0x05550000, 0x05550000)
  to   space 512K,   0% used [0x05450000, 0x05450000, 0x054d0000)
 tenured generation   total 10944K, used 794K [0x0a550000, 0x0b000000, 0x15000000)
   the space 10944K,   7% used [0x0a550000, 0x0a616aa8, 0x0a616c00, 0x0b000000)
 Metaspace       used 825K, capacity 2533K, committed 2624K, reserved 4480K
}
Event: 1.559 GC heap before
{Heap before GC invocations=1 (full 0):
 def new generation   total 4928K, used 4928K [0x05000000, 0x05550000, 0x0a550000)
  eden space 4416K, 100% used [0x05000000, 0x05450000, 0x05450000)
  from space 512K, 100% used [0x054d0000, 0x05550000, 0x05550000)
  to   space 512K,   0% used [0x05450000, 0x05450000, 0x054d0000)
 tenured generation   total 10944K, used 794K [0x0a550000, 0x0b000000, 0x15000000)
   the space 10944K,   7% used [0x0a550000, 0x0a616aa8, 0x0a616c00, 0x0b000000)
 Metaspace       used 1601K, capacity 3173K, committed 3264K, reserved 4480K
Event: 1.562 GC heap after
Heap after GC invocations=2 (full 0):
 def new generation   total 4928K, used 511K [0x05000000, 0x05550000, 0x0a550000)
  eden space 4416K,   0% used [0x05000000, 0x05000000, 0x05450000)
  from space 512K,  99% used [0x05450000, 0x054cfec0, 0x054d0000)
  to   space 512K,   0% used [0x054d0000, 0x054d0000, 0x05550000)
 tenured generation   total 10944K, used 1363K [0x0a550000, 0x0b000000, 0x15000000)
   the space 10944K,  12% used [0x0a550000, 0x0a6a4d18, 0x0a6a4e00, 0x0b000000)
 Metaspace       used 1601K, capacity 3173K, committed 3264K, reserved 4480K
}

